Arguments: 
  /usr/local/bin/node /usr/local/bin/yarn log-run

PATH: 
  /Library/Frameworks/Python.framework/Versions/3.7/bin:/usr/local/bin:/usr/bin:/bin:/usr/sbin:/sbin:/Users/sung-minyu/opt/anaconda3/bin:/Users/sung-minyu/opt/anaconda3/condabin:/Library/Frameworks/Python.framework/Versions/3.7/bin

Yarn version: 
  1.22.4

Node version: 
  14.15.1

Platform: 
  darwin x64

Trace: 
  Invariant Violation: Script must exist
      at invariant (/usr/local/lib/node_modules/yarn/lib/cli.js:2314:15)
      at /usr/local/lib/node_modules/yarn/lib/cli.js:62386:11
      at Generator.next (<anonymous>)
      at step (/usr/local/lib/node_modules/yarn/lib/cli.js:310:30)
      at /usr/local/lib/node_modules/yarn/lib/cli.js:328:14
      at new Promise (<anonymous>)
      at new F (/usr/local/lib/node_modules/yarn/lib/cli.js:5301:28)
      at /usr/local/lib/node_modules/yarn/lib/cli.js:307:12
      at realRunCommand (/usr/local/lib/node_modules/yarn/lib/cli.js:62471:23)
      at action.action (/usr/local/lib/node_modules/yarn/lib/cli.js:62532:16)

npm manifest: 
  {
    "name": "make-util",
    "version": "1.0.0",
    "description": "",
    "main": "index.js",
    "scripts": {
      "test": "echo \"Error: no test specified\" && exit 1",
      "log-run": ""
    },
    "bin": {
      "log-run": "bin/cli.js"
    },
    "files": [
      "cli"
    ],
    "keywords": [
      "sample"
    ],
    "author": "",
    "license": "ISC",
    "dependencies": {
      "commander": "^7.1.0",
      "make-css": "^1.0.0"
    }
  }

yarn manifest: 
  No manifest

Lockfile: 
  # THIS IS AN AUTOGENERATED FILE. DO NOT EDIT THIS FILE DIRECTLY.
  # yarn lockfile v1
  
  
  commander@^7.1.0:
    version "7.1.0"
    resolved "https://registry.yarnpkg.com/commander/-/commander-7.1.0.tgz#f2eaecf131f10e36e07d894698226e36ae0eb5ff"
    integrity sha512-pRxBna3MJe6HKnBGsDyMv8ETbptw3axEdYHoqNh7gu5oDcew8fs0xnivZGm06Ogk8zGAJ9VX+OPEr2GXEQK4dg==
  
  make-css@^1.0.0:
    version "1.0.1"
    resolved "https://registry.yarnpkg.com/make-css/-/make-css-1.0.1.tgz#711f3a33a2542ef38825d5ddf68187fdd3167ea1"
    integrity sha512-LG/bSkReTA5DruUT7TOnpZWa6pJAMSrF1aydUbubnyEtJ03KU4a1T1AsrF5Rpmwm3H4JI3Hyl9ZJIDwp49Ry5Q==
